# JRE version: OpenJDK Runtime Environment (11.0.5+10) (build 11.0.5+10-b520.17)
# Java VM: OpenJDK 64-Bit Server VM (11.0.5+10-b520.17, mixed mode, sharing, tiered, compressed oops, g1 gc, windows-amd64)
Heap:
 garbage-first heap   total 225280K, used 113120K [0x0000000082600000, 0x0000000100000000)
  region size 1024K, 69 young (70656K), 9 survivors (9216K)
 Metaspace       used 61815K, capacity 64199K, committed 64336K, reserved 1103872K
  class space    used 8478K, capacity 9387K, committed 9472K, reserved 1048576K
GC Heap History (20 events):
Event: 4.688 GC heap before
{Heap before GC invocations=9 (full 0):
 garbage-first heap   total 155648K, used 48089K [0x0000000082600000, 0x0000000100000000)
  region size 1024K, 37 young (37888K), 10 survivors (10240K)
 Metaspace       used 34439K, capacity 35670K, committed 35888K, reserved 1079296K
  class space    used 4747K, capacity 5243K, committed 5248K, reserved 1048576K
}
Event: 4.695 GC heap after
{Heap after GC invocations=10 (full 0):
 garbage-first heap   total 155648K, used 23135K [0x0000000082600000, 0x0000000100000000)
  region size 1024K, 6 young (6144K), 6 survivors (6144K)
 Metaspace       used 34439K, capacity 35670K, committed 35888K, reserved 1079296K
  class space    used 4747K, capacity 5243K, committed 5248K, reserved 1048576K
}
Event: 5.813 GC heap before
{Heap before GC invocations=11 (full 0):
 garbage-first heap   total 155648K, used 110175K [0x0000000082600000, 0x0000000100000000)
  region size 1024K, 91 young (93184K), 6 survivors (6144K)
 Metaspace       used 41834K, capacity 43523K, committed 43804K, reserved 1087488K
  class space    used 5786K, capacity 6488K, committed 6528K, reserved 1048576K
}
Event: 5.822 GC heap after
{Heap after GC invocations=12 (full 0):
 garbage-first heap   total 187392K, used 28450K [0x0000000082600000, 0x0000000100000000)
  region size 1024K, 11 young (11264K), 11 survivors (11264K)
 Metaspace       used 41834K, capacity 43523K, committed 43804K, reserved 1087488K
  class space    used 5786K, capacity 6488K, committed 6528K, reserved 1048576K
}
Event: 6.870 GC heap before
{Heap before GC invocations=12 (full 0):
 garbage-first heap   total 187392K, used 128802K [0x0000000082600000, 0x0000000100000000)
  region size 1024K, 109 young (111616K), 11 survivors (11264K)
 Metaspace       used 43766K, capacity 45560K, committed 45724K, reserved 1087488K
  class space    used 6090K, capacity 6833K, committed 6912K, reserved 1048576K
}
Event: 6.879 GC heap after
{Heap after GC invocations=13 (full 0):
 garbage-first heap   total 187392K, used 32518K [0x0000000082600000, 0x0000000100000000)
  region size 1024K, 12 young (12288K), 12 survivors (12288K)
 Metaspace       used 43766K, capacity 45560K, committed 45724K, reserved 1087488K
  class space    used 6090K, capacity 6833K, committed 6912K, reserved 1048576K
}
Event: 7.758 GC heap before
{Heap before GC invocations=13 (full 0):
 garbage-first heap   total 187392K, used 131846K [0x0000000082600000, 0x0000000100000000)
  region size 1024K, 109 young (111616K), 12 survivors (12288K)
 Metaspace       used 51660K, capacity 53647K, committed 53916K, reserved 1095680K
  class space    used 7122K, capacity 7903K, committed 7936K, reserved 1048576K
}
Event: 7.768 GC heap after
{Heap after GC invocations=14 (full 0):
 garbage-first heap   total 187392K, used 34584K [0x0000000082600000, 0x0000000100000000)
  region size 1024K, 8 young (8192K), 8 survivors (8192K)
 Metaspace       used 51660K, capacity 53647K, committed 53916K, reserved 1095680K
  class space    used 7122K, capacity 7903K, committed 7936K, reserved 1048576K
}
Event: 9.550 GC heap before
{Heap before GC invocations=14 (full 0):
 garbage-first heap   total 187392K, used 136984K [0x0000000082600000, 0x0000000100000000)
  region size 1024K, 109 young (111616K), 8 survivors (8192K)
 Metaspace       used 56249K, capacity 58341K, committed 58396K, reserved 1099776K
  class space    used 7735K, capacity 8559K, committed 8576K, reserved 1048576K
}
Event: 9.561 GC heap after
{Heap after GC invocations=15 (full 0):
 garbage-first heap   total 187392K, used 39812K [0x0000000082600000, 0x0000000100000000)
  region size 1024K, 13 young (13312K), 13 survivors (13312K)
 Metaspace       used 56249K, capacity 58341K, committed 58396K, reserved 1099776K
  class space    used 7735K, capacity 8559K, committed 8576K, reserved 1048576K
}
Event: 11.670 GC heap before
{Heap before GC invocations=15 (full 0):
 garbage-first heap   total 187392K, used 57220K [0x0000000082600000, 0x0000000100000000)
  region size 1024K, 31 young (31744K), 13 survivors (13312K)
 Metaspace       used 58159K, capacity 60297K, committed 60420K, reserved 1101824K
  class space    used 8006K, capacity 8823K, committed 8832K, reserved 1048576K
}
Event: 11.688 GC heap after
{Heap after GC invocations=16 (full 0):
 garbage-first heap   total 187392K, used 40419K [0x0000000082600000, 0x0000000100000000)
  region size 1024K, 7 young (7168K), 7 survivors (7168K)
 Metaspace       used 58159K, capacity 60297K, committed 60420K, reserved 1101824K
  class space    used 8006K, capacity 8823K, committed 8832K, reserved 1048576K
}
Event: 562.346 GC heap before
{Heap before GC invocations=17 (full 0):
 garbage-first heap   total 187392K, used 148963K [0x0000000082600000, 0x0000000100000000)
  region size 1024K, 109 young (111616K), 7 survivors (7168K)
 Metaspace       used 60840K, capacity 63083K, committed 63312K, reserved 1103872K
  class space    used 8328K, capacity 9191K, committed 9216K, reserved 1048576K
}
Event: 562.353 GC heap after
{Heap after GC invocations=18 (full 0):
 garbage-first heap   total 225280K, used 45766K [0x0000000082600000, 0x0000000100000000)
  region size 1024K, 8 young (8192K), 8 survivors (8192K)
 Metaspace       used 60840K, capacity 63083K, committed 63312K, reserved 1103872K
  class space    used 8328K, capacity 9191K, committed 9216K, reserved 1048576K
}
Event: 729.052 GC heap before
{Heap before GC invocations=18 (full 0):
 garbage-first heap   total 225280K, used 174790K [0x0000000082600000, 0x0000000100000000)
  region size 1024K, 132 young (135168K), 8 survivors (8192K)
 Metaspace       used 61384K, capacity 63613K, committed 63696K, reserved 1103872K
  class space    used 8413K, capacity 9278K, committed 9344K, reserved 1048576K
}
Event: 729.057 GC heap after
{Heap after GC invocations=19 (full 0):
 garbage-first heap   total 225280K, used 48167K [0x0000000082600000, 0x0000000100000000)
  region size 1024K, 9 young (9216K), 9 survivors (9216K)
 Metaspace       used 61384K, capacity 63613K, committed 63696K, reserved 1103872K
  class space    used 8413K, capacity 9278K, committed 9344K, reserved 1048576K
}
Event: 932.416 GC heap before
{Heap before GC invocations=19 (full 0):
 garbage-first heap   total 225280K, used 176167K [0x0000000082600000, 0x0000000100000000)
  region size 1024K, 132 young (135168K), 9 survivors (9216K)
 Metaspace       used 61637K, capacity 63923K, committed 63952K, reserved 1103872K
  class space    used 8451K, capacity 9337K, committed 9344K, reserved 1048576K
}
Event: 932.421 GC heap after
{Heap after GC invocations=20 (full 0):
 garbage-first heap   total 225280K, used 50605K [0x0000000082600000, 0x0000000100000000)
  region size 1024K, 9 young (9216K), 9 survivors (9216K)
 Metaspace       used 61637K, capacity 63923K, committed 63952K, reserved 1103872K
  class space    used 8451K, capacity 9337K, committed 9344K, reserved 1048576K
}
Event: 1007.731 GC heap before
{Heap before GC invocations=20 (full 0):
 garbage-first heap   total 225280K, used 178605K [0x0000000082600000, 0x0000000100000000)
  region size 1024K, 132 young (135168K), 9 survivors (9216K)
 Metaspace       used 61806K, capacity 64184K, committed 64336K, reserved 1103872K
  class space    used 8476K, capacity 9383K, committed 9472K, reserved 1048576K
}
Event: 1007.737 GC heap after
{Heap after GC invocations=21 (full 0):
 garbage-first heap   total 225280K, used 52704K [0x0000000082600000, 0x0000000100000000)
  region size 1024K, 9 young (9216K), 9 survivors (9216K)
 Metaspace       used 61806K, capacity 64184K, committed 64336K, reserved 1103872K
  class space    used 8476K, capacity 9383K, committed 9472K, reserved 1048576K
}

